<?xml version="1.0" encoding="UTF-8"?>
<testsuite xmlns:xsi="http://www.w3.org/2001/XMLSchema-instance" xsi:noNamespaceSchemaLocation="https://maven.apache.org/surefire/maven-surefire-plugin/xsd/surefire-test-report.xsd" name="TestSuite" time="1.186" tests="10" errors="0" skipped="0" failures="2">
  <properties>
[...]
</properties>
  <testcase name="Ndiv" classname="com.test.DemoTest" time="0.022">
    <failure message="expected [0] but found [2]" type="java.lang.AssertionError">java.lang.AssertionError: expected [0] but found [2]
	at com.test.DemoTest.Ndiv(DemoTest.java:67)
</failure>
    <system-out><![CDATA[N DIV
]]></system-out>
  </testcase>
  <testcase name="Nsum" classname="com.test.DemoTest" time="0.001">
    <failure message="expected [10] but found [30]" type="java.lang.AssertionError">java.lang.AssertionError: expected [10] but found [30]
	at com.test.DemoTest.Nsum(DemoTest.java:57)
</failure>
    <system-out><![CDATA[N SUM
]]></system-out>
  </testcase>
  <testcase name="div" classname="com.test.DemoTest" time="0.001"/>
  <testcase name="mult" classname="com.test.DemoTest" time="0"/>
  <testcase name="sub" classname="com.test.DemoTest" time="0"/>
  <testcase name="sum" classname="com.test.DemoTest" time="0.001"/>
  <testcase name="div" classname="com.test.DemoTest1" time="0.001"/>
  <testcase name="mult" classname="com.test.DemoTest1" time="0.001"/>
  <testcase name="sub" classname="com.test.DemoTest1" time="0.001"/>
  <testcase name="sum" classname="com.test.DemoTest1" time="0.001"/>
</testsuite>